\BOOKMARK [0][-]{chapter.1}{\376\377\000A\000b\000s\000t\000r\000a\000c\000t\000:}{}% 1
\BOOKMARK [0][-]{chapter.2}{\376\377\000C\000o\000n\000t\000e\000n\000t\000s\000:}{}% 2
\BOOKMARK [1][-]{section.2.1}{\376\377\000b\000a\000c\000k\000g\000r\000o\000u\000n\000d}{chapter.2}% 3
\BOOKMARK [1][-]{section.2.2}{\376\377\000i\000n\000t\000e\000r\000f\000a\000c\000e}{chapter.2}% 4
\BOOKMARK [1][-]{section.2.3}{\376\377\000p\000a\000i\000r\000d\000i\000s\000t\000r\000i\000b\000u\000t\000i\000o\000n\000f\000u\000n\000c\000t\000i\000o\000n}{chapter.2}% 5
\BOOKMARK [2][-]{subsection.2.3.1}{\376\377\000p\000a\000i\000r\000d\000i\000s\000t\000r\000i\000b\000u\000t\000i\000o\000n\000f\000u\000n\000c\000t\000i\000o\000n\000.\000P\000d\000f\000D\000a\000t\000a}{section.2.3}% 6
\BOOKMARK [2][-]{subsection.2.3.2}{\376\377\000p\000a\000i\000r\000d\000i\000s\000t\000r\000i\000b\000u\000t\000i\000o\000n\000f\000u\000n\000c\000t\000i\000o\000n\000.\000P\000d\000f\000M\000o\000d\000e\000l}{section.2.3}% 7
\BOOKMARK [2][-]{subsection.2.3.3}{\376\377\000p\000a\000i\000r\000d\000i\000s\000t\000r\000i\000b\000u\000t\000i\000o\000n\000f\000u\000n\000c\000t\000i\000o\000n\000.\000P\000d\000f\000R\000e\000f\000i\000n\000e\000m\000e\000n\000t}{section.2.3}% 8
\BOOKMARK [1][-]{section.2.4}{\376\377\000r\000e\000f\000i\000n\000e\000m\000e\000n\000t}{chapter.2}% 9
\BOOKMARK [2][-]{subsection.2.4.1}{\376\377\000r\000e\000f\000i\000n\000e\000m\000e\000n\000t\000.\000R\000e\000f\000i\000n\000e\000m\000e\000n\000t}{section.2.4}% 10
\BOOKMARK [1][-]{section.2.5}{\376\377\000s\000t\000r\000u\000c\000t\000u\000r\000e}{chapter.2}% 11
\BOOKMARK [2][-]{subsection.2.5.1}{\376\377\000s\000t\000r\000u\000c\000t\000u\000r\000e\000.\000A\000t\000o\000m}{section.2.5}% 12
\BOOKMARK [2][-]{subsection.2.5.2}{\376\377\000s\000t\000r\000u\000c\000t\000u\000r\000e\000.\000S\000t\000r\000u\000c\000t\000u\000r\000e}{section.2.5}% 13
\BOOKMARK [2][-]{subsection.2.5.3}{\376\377\000s\000t\000r\000u\000c\000t\000u\000r\000e\000.\000P\000h\000a\000s\000e}{section.2.5}% 14
\BOOKMARK [1][-]{section.2.6}{\376\377\000s\000u\000p\000e\000r\000c\000e\000l\000l}{chapter.2}% 15
\BOOKMARK [1][-]{section.2.7}{\376\377\000t\000r\000a\000n\000s\000i\000t\000i\000o\000n}{chapter.2}% 16
\BOOKMARK [2][-]{subsection.2.7.1}{\376\377\000t\000r\000a\000n\000s\000i\000t\000i\000o\000n\000.\000T\000r\000a\000n\000s\000i\000t\000i\000o\000n}{section.2.7}% 17
\BOOKMARK [2][-]{subsection.2.7.2}{\376\377\000t\000r\000a\000n\000s\000i\000t\000i\000o\000n\000.\000T\000r\000a\000n\000s\000i\000t\000i\000o\000n\000s}{section.2.7}% 18
\BOOKMARK [1][-]{section.2.8}{\376\377\000u\000t\000i\000l\000i\000t\000i\000e\000s}{chapter.2}% 19
\BOOKMARK [2][-]{subsection.2.8.1}{\376\377\000u\000t\000i\000l\000i\000t\000i\000e\000s\000.\000D\000y\000n\000a\000m\000i\000c\000P\000l\000o\000t}{section.2.8}% 20
\BOOKMARK [2][-]{subsection.2.8.2}{\376\377\000u\000t\000i\000l\000i\000t\000i\000e\000s\000.\000M\000e\000r\000g\000e\000P\000a\000r\000a\000m\000s}{section.2.8}% 21
\BOOKMARK [2][-]{subsection.2.8.3}{\376\377\000u\000t\000i\000l\000i\000t\000i\000e\000s\000.\000U\000p\000d\000a\000t\000e\000M\000e\000t\000h\000o\000d\000s}{section.2.8}% 22
\BOOKMARK [0][-]{chapter.3}{\376\377\000I\000n\000d\000i\000c\000e\000s\000\040\000a\000n\000d\000\040\000t\000a\000b\000l\000e\000s}{}% 23
\BOOKMARK [0][-]{section*.143}{\376\377\000P\000y\000t\000h\000o\000n\000\040\000M\000o\000d\000u\000l\000e\000\040\000I\000n\000d\000e\000x}{}% 24
